<?xml version="1.0" encoding="UTF-8"?>
<!-- Generated by org.testng.reporters.JUnitReportReporter -->
<testsuite hostname="DESKTOP-UPI6MMU" failures="0" tests="1" name="testBase.BaseClass" time="5.786" errors="0" timestamp="2025-02-11T22:48:10 IST" skipped="0">
  <testcase classname="testBase.BaseClass" name="setup" time="5.786"/>
</testsuite> <!-- testBase.BaseClass -->
